[0.301s] DEBUG:colcon:Command line arguments: ['/usr/bin/colcon', 'build']
[0.301s] DEBUG:colcon:Parsed command line arguments: Namespace(log_base=None, log_level=None, verb_name='build', build_base='build', install_base='install', merge_install=False, symlink_install=False, test_result_base=None, continue_on_error=False, executor='parallel', parallel_workers=4, event_handlers=None, ignore_user_meta=False, metas=['./colcon.meta'], base_paths=['.'], packages_ignore=None, packages_ignore_regex=None, paths=None, packages_up_to=None, packages_up_to_regex=None, packages_above=None, packages_above_and_dependencies=None, packages_above_depth=None, packages_select_by_dep=None, packages_skip_by_dep=None, packages_skip_up_to=None, packages_select_build_failed=False, packages_skip_build_finished=False, packages_select_test_failures=False, packages_skip_test_passed=False, packages_select=None, packages_skip=None, packages_select_regex=None, packages_skip_regex=None, packages_start=None, packages_end=None, allow_overriding=[], cmake_args=None, cmake_target=None, cmake_target_skip_unavailable=False, cmake_clean_cache=False, cmake_clean_first=False, cmake_force_configure=False, ament_cmake_args=None, catkin_cmake_args=None, catkin_skip_building_tests=False, mixin_files=None, mixin=None, verb_parser=<colcon_mixin.mixin.mixin_argument.MixinArgumentDecorator object at 0x777cc3bf54e0>, verb_extension=<colcon_core.verb.build.BuildVerb object at 0x777cc3bf4fa0>, main=<bound method BuildVerb.main of <colcon_core.verb.build.BuildVerb object at 0x777cc3bf4fa0>>, mixin_verb=('build',))
[0.817s] Level 1:colcon.colcon_core.package_discovery:discover_packages(colcon_meta) check parameters
[0.818s] Level 1:colcon.colcon_core.package_discovery:discover_packages(recursive) check parameters
[0.818s] Level 1:colcon.colcon_core.package_discovery:discover_packages(ignore) check parameters
[0.818s] Level 1:colcon.colcon_core.package_discovery:discover_packages(path) check parameters
[0.819s] Level 1:colcon.colcon_core.package_discovery:discover_packages(colcon_meta) discover
[0.819s] Level 1:colcon.colcon_core.package_discovery:discover_packages(recursive) discover
[0.819s] INFO:colcon.colcon_core.package_discovery:Crawling recursively for packages in '/home/larissa/Gemeo_digital_MJV'
[0.819s] Level 1:colcon.colcon_core.package_identification:_identify(.) by extensions ['ignore', 'ignore_ament_install']
[0.819s] Level 1:colcon.colcon_core.package_identification:_identify(.) by extension 'ignore'
[0.820s] Level 1:colcon.colcon_core.package_identification:_identify(.) by extension 'ignore_ament_install'
[0.820s] Level 1:colcon.colcon_core.package_identification:_identify(.) by extensions ['colcon_pkg']
[0.820s] Level 1:colcon.colcon_core.package_identification:_identify(.) by extension 'colcon_pkg'
[0.820s] Level 1:colcon.colcon_core.package_identification:_identify(.) by extensions ['colcon_meta']
[0.820s] Level 1:colcon.colcon_core.package_identification:_identify(.) by extension 'colcon_meta'
[0.820s] Level 1:colcon.colcon_core.package_identification:_identify(.) by extensions ['ros']
[0.820s] Level 1:colcon.colcon_core.package_identification:_identify(.) by extension 'ros'
[0.846s] Level 1:colcon.colcon_core.package_identification:_identify(.) by extensions ['cmake', 'python']
[0.846s] Level 1:colcon.colcon_core.package_identification:_identify(.) by extension 'cmake'
[0.847s] Level 1:colcon.colcon_core.package_identification:_identify(.) by extension 'python'
[0.847s] Level 1:colcon.colcon_core.package_identification:_identify(.) by extensions ['python_setup_py']
[0.847s] Level 1:colcon.colcon_core.package_identification:_identify(.) by extension 'python_setup_py'
[0.847s] Level 1:colcon.colcon_core.package_identification:_identify(build) by extensions ['ignore', 'ignore_ament_install']
[0.848s] Level 1:colcon.colcon_core.package_identification:_identify(build) by extension 'ignore'
[0.848s] Level 1:colcon.colcon_core.package_identification:_identify(build) ignored
[0.848s] Level 1:colcon.colcon_core.package_identification:_identify(install) by extensions ['ignore', 'ignore_ament_install']
[0.849s] Level 1:colcon.colcon_core.package_identification:_identify(install) by extension 'ignore'
[0.849s] Level 1:colcon.colcon_core.package_identification:_identify(install) ignored
[0.849s] Level 1:colcon.colcon_core.package_identification:_identify(log) by extensions ['ignore', 'ignore_ament_install']
[0.850s] Level 1:colcon.colcon_core.package_identification:_identify(log) by extension 'ignore'
[0.850s] Level 1:colcon.colcon_core.package_identification:_identify(log) ignored
[0.850s] Level 1:colcon.colcon_core.package_identification:_identify(src) by extensions ['ignore', 'ignore_ament_install']
[0.850s] Level 1:colcon.colcon_core.package_identification:_identify(src) by extension 'ignore'
[0.850s] Level 1:colcon.colcon_core.package_identification:_identify(src) by extension 'ignore_ament_install'
[0.850s] Level 1:colcon.colcon_core.package_identification:_identify(src) by extensions ['colcon_pkg']
[0.851s] Level 1:colcon.colcon_core.package_identification:_identify(src) by extension 'colcon_pkg'
[0.851s] Level 1:colcon.colcon_core.package_identification:_identify(src) by extensions ['colcon_meta']
[0.851s] Level 1:colcon.colcon_core.package_identification:_identify(src) by extension 'colcon_meta'
[0.851s] Level 1:colcon.colcon_core.package_identification:_identify(src) by extensions ['ros']
[0.851s] Level 1:colcon.colcon_core.package_identification:_identify(src) by extension 'ros'
[0.851s] Level 1:colcon.colcon_core.package_identification:_identify(src) by extensions ['cmake', 'python']
[0.851s] Level 1:colcon.colcon_core.package_identification:_identify(src) by extension 'cmake'
[0.851s] Level 1:colcon.colcon_core.package_identification:_identify(src) by extension 'python'
[0.851s] Level 1:colcon.colcon_core.package_identification:_identify(src) by extensions ['python_setup_py']
[0.851s] Level 1:colcon.colcon_core.package_identification:_identify(src) by extension 'python_setup_py'
[0.851s] Level 1:colcon.colcon_core.package_identification:_identify(src/carrinho_sdf_pkg) by extensions ['ignore', 'ignore_ament_install']
[0.851s] Level 1:colcon.colcon_core.package_identification:_identify(src/carrinho_sdf_pkg) by extension 'ignore'
[0.851s] Level 1:colcon.colcon_core.package_identification:_identify(src/carrinho_sdf_pkg) by extension 'ignore_ament_install'
[0.852s] Level 1:colcon.colcon_core.package_identification:_identify(src/carrinho_sdf_pkg) by extensions ['colcon_pkg']
[0.852s] Level 1:colcon.colcon_core.package_identification:_identify(src/carrinho_sdf_pkg) by extension 'colcon_pkg'
[0.852s] Level 1:colcon.colcon_core.package_identification:_identify(src/carrinho_sdf_pkg) by extensions ['colcon_meta']
[0.852s] Level 1:colcon.colcon_core.package_identification:_identify(src/carrinho_sdf_pkg) by extension 'colcon_meta'
[0.853s] Level 1:colcon.colcon_core.package_identification:_identify(src/carrinho_sdf_pkg) by extensions ['ros']
[0.853s] Level 1:colcon.colcon_core.package_identification:_identify(src/carrinho_sdf_pkg) by extension 'ros'
[0.859s] DEBUG:colcon.colcon_core.package_identification:Package 'src/carrinho_sdf_pkg' with type 'ros.ament_python' and name 'carrinho_sdf_pkg'
[0.860s] Level 1:colcon.colcon_core.package_discovery:discover_packages(recursive) using defaults
[0.860s] Level 1:colcon.colcon_core.package_discovery:discover_packages(ignore) discover
[0.860s] Level 1:colcon.colcon_core.package_discovery:discover_packages(ignore) using defaults
[0.860s] Level 1:colcon.colcon_core.package_discovery:discover_packages(path) discover
[0.860s] Level 1:colcon.colcon_core.package_discovery:discover_packages(path) using defaults
[0.942s] Level 1:colcon.colcon_core.package_discovery:discover_packages(prefix_path) check parameters
[0.942s] Level 1:colcon.colcon_core.package_discovery:discover_packages(prefix_path) discover
[0.947s] DEBUG:colcon.colcon_installed_package_information.package_discovery:Found 1 installed packages in /home/larissa/Gemeo_digital_MJV/install
[0.950s] DEBUG:colcon.colcon_installed_package_information.package_discovery:Found 277 installed packages in /opt/ros/humble
[0.954s] Level 1:colcon.colcon_core.package_discovery:discover_packages(prefix_path) using defaults
[1.079s] Level 5:colcon.colcon_core.verb:set package 'carrinho_sdf_pkg' build argument 'cmake_args' from command line to 'None'
[1.079s] Level 5:colcon.colcon_core.verb:set package 'carrinho_sdf_pkg' build argument 'cmake_target' from command line to 'None'
[1.080s] Level 5:colcon.colcon_core.verb:set package 'carrinho_sdf_pkg' build argument 'cmake_target_skip_unavailable' from command line to 'False'
[1.080s] Level 5:colcon.colcon_core.verb:set package 'carrinho_sdf_pkg' build argument 'cmake_clean_cache' from command line to 'False'
[1.080s] Level 5:colcon.colcon_core.verb:set package 'carrinho_sdf_pkg' build argument 'cmake_clean_first' from command line to 'False'
[1.080s] Level 5:colcon.colcon_core.verb:set package 'carrinho_sdf_pkg' build argument 'cmake_force_configure' from command line to 'False'
[1.080s] Level 5:colcon.colcon_core.verb:set package 'carrinho_sdf_pkg' build argument 'ament_cmake_args' from command line to 'None'
[1.080s] Level 5:colcon.colcon_core.verb:set package 'carrinho_sdf_pkg' build argument 'catkin_cmake_args' from command line to 'None'
[1.080s] Level 5:colcon.colcon_core.verb:set package 'carrinho_sdf_pkg' build argument 'catkin_skip_building_tests' from command line to 'False'
[1.080s] DEBUG:colcon.colcon_core.verb:Building package 'carrinho_sdf_pkg' with the following arguments: {'ament_cmake_args': None, 'build_base': '/home/larissa/Gemeo_digital_MJV/build/carrinho_sdf_pkg', 'catkin_cmake_args': None, 'catkin_skip_building_tests': False, 'cmake_args': None, 'cmake_clean_cache': False, 'cmake_clean_first': False, 'cmake_force_configure': False, 'cmake_target': None, 'cmake_target_skip_unavailable': False, 'install_base': '/home/larissa/Gemeo_digital_MJV/install/carrinho_sdf_pkg', 'merge_install': False, 'path': '/home/larissa/Gemeo_digital_MJV/src/carrinho_sdf_pkg', 'symlink_install': False, 'test_result_base': None}
[1.080s] INFO:colcon.colcon_core.executor:Executing jobs using 'parallel' executor
[1.084s] DEBUG:colcon.colcon_parallel_executor.executor.parallel:run_until_complete
[1.084s] INFO:colcon.colcon_ros.task.ament_python.build:Building ROS package in '/home/larissa/Gemeo_digital_MJV/src/carrinho_sdf_pkg' with build type 'ament_python'
[1.084s] Level 1:colcon.colcon_core.shell:create_environment_hook('carrinho_sdf_pkg', 'ament_prefix_path')
[1.090s] INFO:colcon.colcon_core.plugin_system:Skipping extension 'colcon_core.shell.bat': Not used on non-Windows systems
[1.091s] INFO:colcon.colcon_core.shell:Creating environment hook '/home/larissa/Gemeo_digital_MJV/install/carrinho_sdf_pkg/share/carrinho_sdf_pkg/hook/ament_prefix_path.ps1'
[1.095s] INFO:colcon.colcon_core.shell:Creating environment descriptor '/home/larissa/Gemeo_digital_MJV/install/carrinho_sdf_pkg/share/carrinho_sdf_pkg/hook/ament_prefix_path.dsv'
[1.097s] INFO:colcon.colcon_core.shell:Creating environment hook '/home/larissa/Gemeo_digital_MJV/install/carrinho_sdf_pkg/share/carrinho_sdf_pkg/hook/ament_prefix_path.sh'
[1.100s] INFO:colcon.colcon_core.shell:Skip shell extension 'powershell' for command environment: Not usable outside of PowerShell
[1.100s] DEBUG:colcon.colcon_core.shell:Skip shell extension 'dsv' for command environment
[1.857s] INFO:colcon.colcon_core.task.python.build:Building Python package in '/home/larissa/Gemeo_digital_MJV/src/carrinho_sdf_pkg'
[1.858s] INFO:colcon.colcon_core.shell:Skip shell extension 'powershell' for command environment: Not usable outside of PowerShell
[1.858s] DEBUG:colcon.colcon_core.shell:Skip shell extension 'dsv' for command environment
[2.671s] DEBUG:colcon.colcon_core.event_handler.log_command:Invoking command in '/home/larissa/Gemeo_digital_MJV/src/carrinho_sdf_pkg': PYTHONPATH=/home/larissa/Gemeo_digital_MJV/build/carrinho_sdf_pkg/prefix_override:/usr/lib/python3/dist-packages/colcon_core/task/python/colcon_distutils_commands:/home/larissa/Gemeo_digital_MJV/install/carrinho_sdf_pkg/lib/python3.10/site-packages:${PYTHONPATH} /usr/bin/python3 -W ignore:setup.py install is deprecated -W ignore:easy_install command is deprecated setup.py egg_info --egg-base ../../build/carrinho_sdf_pkg build --build-base /home/larissa/Gemeo_digital_MJV/build/carrinho_sdf_pkg/build install --record /home/larissa/Gemeo_digital_MJV/build/carrinho_sdf_pkg/install.log --single-version-externally-managed install_data
[3.812s] DEBUG:colcon.colcon_core.event_handler.log_command:Invoked command in '/home/larissa/Gemeo_digital_MJV/src/carrinho_sdf_pkg' returned '0': PYTHONPATH=/home/larissa/Gemeo_digital_MJV/build/carrinho_sdf_pkg/prefix_override:/usr/lib/python3/dist-packages/colcon_core/task/python/colcon_distutils_commands:/home/larissa/Gemeo_digital_MJV/install/carrinho_sdf_pkg/lib/python3.10/site-packages:${PYTHONPATH} /usr/bin/python3 -W ignore:setup.py install is deprecated -W ignore:easy_install command is deprecated setup.py egg_info --egg-base ../../build/carrinho_sdf_pkg build --build-base /home/larissa/Gemeo_digital_MJV/build/carrinho_sdf_pkg/build install --record /home/larissa/Gemeo_digital_MJV/build/carrinho_sdf_pkg/install.log --single-version-externally-managed install_data
[3.823s] Level 1:colcon.colcon_core.environment:checking '/home/larissa/Gemeo_digital_MJV/install/carrinho_sdf_pkg' for CMake module files
[3.824s] Level 1:colcon.colcon_core.environment:checking '/home/larissa/Gemeo_digital_MJV/install/carrinho_sdf_pkg' for CMake config files
[3.828s] Level 1:colcon.colcon_core.environment:checking '/home/larissa/Gemeo_digital_MJV/install/carrinho_sdf_pkg/lib'
[3.829s] Level 1:colcon.colcon_core.environment:checking '/home/larissa/Gemeo_digital_MJV/install/carrinho_sdf_pkg/bin'
[3.830s] Level 1:colcon.colcon_core.environment:checking '/home/larissa/Gemeo_digital_MJV/install/carrinho_sdf_pkg/lib/pkgconfig/carrinho_sdf_pkg.pc'
[3.830s] Level 1:colcon.colcon_core.environment:checking '/home/larissa/Gemeo_digital_MJV/install/carrinho_sdf_pkg/lib/python3.10/site-packages'
[3.830s] Level 1:colcon.colcon_core.shell:create_environment_hook('carrinho_sdf_pkg', 'pythonpath')
[3.831s] INFO:colcon.colcon_core.shell:Creating environment hook '/home/larissa/Gemeo_digital_MJV/install/carrinho_sdf_pkg/share/carrinho_sdf_pkg/hook/pythonpath.ps1'
[3.834s] INFO:colcon.colcon_core.shell:Creating environment descriptor '/home/larissa/Gemeo_digital_MJV/install/carrinho_sdf_pkg/share/carrinho_sdf_pkg/hook/pythonpath.dsv'
[3.839s] INFO:colcon.colcon_core.shell:Creating environment hook '/home/larissa/Gemeo_digital_MJV/install/carrinho_sdf_pkg/share/carrinho_sdf_pkg/hook/pythonpath.sh'
[3.842s] Level 1:colcon.colcon_core.environment:checking '/home/larissa/Gemeo_digital_MJV/install/carrinho_sdf_pkg/bin'
[3.843s] Level 1:colcon.colcon_core.environment:create_environment_scripts_only(carrinho_sdf_pkg)
[3.844s] INFO:colcon.colcon_core.shell:Creating package script '/home/larissa/Gemeo_digital_MJV/install/carrinho_sdf_pkg/share/carrinho_sdf_pkg/package.ps1'
[3.848s] INFO:colcon.colcon_core.shell:Creating package descriptor '/home/larissa/Gemeo_digital_MJV/install/carrinho_sdf_pkg/share/carrinho_sdf_pkg/package.dsv'
[3.851s] INFO:colcon.colcon_core.shell:Creating package script '/home/larissa/Gemeo_digital_MJV/install/carrinho_sdf_pkg/share/carrinho_sdf_pkg/package.sh'
[3.853s] INFO:colcon.colcon_core.shell:Creating package script '/home/larissa/Gemeo_digital_MJV/install/carrinho_sdf_pkg/share/carrinho_sdf_pkg/package.bash'
[3.860s] INFO:colcon.colcon_core.shell:Creating package script '/home/larissa/Gemeo_digital_MJV/install/carrinho_sdf_pkg/share/carrinho_sdf_pkg/package.zsh'
[3.863s] Level 1:colcon.colcon_core.environment:create_file_with_runtime_dependencies(/home/larissa/Gemeo_digital_MJV/install/carrinho_sdf_pkg/share/colcon-core/packages/carrinho_sdf_pkg)
[3.866s] DEBUG:colcon.colcon_parallel_executor.executor.parallel:closing loop
[3.867s] DEBUG:colcon.colcon_parallel_executor.executor.parallel:loop closed
[3.869s] DEBUG:colcon.colcon_parallel_executor.executor.parallel:run_until_complete finished with '0'
[3.870s] DEBUG:colcon.colcon_core.event_reactor:joining thread
[3.892s] INFO:colcon.colcon_core.plugin_system:Skipping extension 'colcon_notification.desktop_notification.terminal_notifier': Not used on non-Darwin systems
[3.893s] INFO:colcon.colcon_core.plugin_system:Skipping extension 'colcon_notification.desktop_notification.win32': Not used on non-Windows systems
[3.894s] INFO:colcon.colcon_notification.desktop_notification:Sending desktop notification using 'notify2'
[3.948s] DEBUG:colcon.colcon_core.event_reactor:joined thread
[3.951s] INFO:colcon.colcon_core.shell:Creating prefix script '/home/larissa/Gemeo_digital_MJV/install/local_setup.ps1'
[3.970s] INFO:colcon.colcon_core.shell:Creating prefix util module '/home/larissa/Gemeo_digital_MJV/install/_local_setup_util_ps1.py'
[3.984s] INFO:colcon.colcon_core.shell:Creating prefix chain script '/home/larissa/Gemeo_digital_MJV/install/setup.ps1'
[3.994s] INFO:colcon.colcon_core.shell:Creating prefix script '/home/larissa/Gemeo_digital_MJV/install/local_setup.sh'
[4.008s] INFO:colcon.colcon_core.shell:Creating prefix util module '/home/larissa/Gemeo_digital_MJV/install/_local_setup_util_sh.py'
[4.023s] INFO:colcon.colcon_core.shell:Creating prefix chain script '/home/larissa/Gemeo_digital_MJV/install/setup.sh'
[4.032s] INFO:colcon.colcon_core.shell:Creating prefix script '/home/larissa/Gemeo_digital_MJV/install/local_setup.bash'
[4.035s] INFO:colcon.colcon_core.shell:Creating prefix chain script '/home/larissa/Gemeo_digital_MJV/install/setup.bash'
[4.039s] INFO:colcon.colcon_core.shell:Creating prefix script '/home/larissa/Gemeo_digital_MJV/install/local_setup.zsh'
[4.041s] INFO:colcon.colcon_core.shell:Creating prefix chain script '/home/larissa/Gemeo_digital_MJV/install/setup.zsh'
