[1.824s] Invoking command in '/home/vboxuser/Gemeo_digital_MJV/src/carrinho_sdf_pkg': PYTHONPATH=/home/vboxuser/Gemeo_digital_MJV/build/carrinho_sdf_pkg/prefix_override:/usr/lib/python3/dist-packages/colcon_core/task/python/colcon_distutils_commands:/home/vboxuser/Gemeo_digital_MJV/install/carrinho_sdf_pkg/lib/python3.10/site-packages:${PYTHONPATH} /usr/bin/python3 -W ignore:setup.py install is deprecated -W ignore:easy_install command is deprecated setup.py egg_info --egg-base ../../build/carrinho_sdf_pkg build --build-base /home/vboxuser/Gemeo_digital_MJV/build/carrinho_sdf_pkg/build install --record /home/vboxuser/Gemeo_digital_MJV/build/carrinho_sdf_pkg/install.log --single-version-externally-managed install_data
[2.251s] running egg_info
[2.252s] writing ../../build/carrinho_sdf_pkg/carrinho_sdf_pkg.egg-info/PKG-INFO
[2.255s] writing dependency_links to ../../build/carrinho_sdf_pkg/carrinho_sdf_pkg.egg-info/dependency_links.txt
[2.257s] writing entry points to ../../build/carrinho_sdf_pkg/carrinho_sdf_pkg.egg-info/entry_points.txt
[2.257s] writing requirements to ../../build/carrinho_sdf_pkg/carrinho_sdf_pkg.egg-info/requires.txt
[2.257s] writing top-level names to ../../build/carrinho_sdf_pkg/carrinho_sdf_pkg.egg-info/top_level.txt
[2.262s] reading manifest file '../../build/carrinho_sdf_pkg/carrinho_sdf_pkg.egg-info/SOURCES.txt'
[2.265s] writing manifest file '../../build/carrinho_sdf_pkg/carrinho_sdf_pkg.egg-info/SOURCES.txt'
[2.265s] running build
[2.265s] running build_py
[2.267s] running install
[2.267s] running install_lib
[2.269s] running install_data
[2.271s] copying launch/sim.launch.py -> /home/vboxuser/Gemeo_digital_MJV/install/carrinho_sdf_pkg/share/carrinho_sdf_pkg/launch
[2.271s] running install_egg_info
[2.275s] removing '/home/vboxuser/Gemeo_digital_MJV/install/carrinho_sdf_pkg/lib/python3.10/site-packages/carrinho_sdf_pkg-0.0.1-py3.10.egg-info' (and everything under it)
[2.307s] Copying ../../build/carrinho_sdf_pkg/carrinho_sdf_pkg.egg-info to /home/vboxuser/Gemeo_digital_MJV/install/carrinho_sdf_pkg/lib/python3.10/site-packages/carrinho_sdf_pkg-0.0.1-py3.10.egg-info
[2.309s] running install_scripts
[2.398s] Installing mover_carrinho script to /home/vboxuser/Gemeo_digital_MJV/install/carrinho_sdf_pkg/lib/carrinho_sdf_pkg
[2.401s] writing list of installed files to '/home/vboxuser/Gemeo_digital_MJV/build/carrinho_sdf_pkg/install.log'
[2.465s] Invoked command in '/home/vboxuser/Gemeo_digital_MJV/src/carrinho_sdf_pkg' returned '0': PYTHONPATH=/home/vboxuser/Gemeo_digital_MJV/build/carrinho_sdf_pkg/prefix_override:/usr/lib/python3/dist-packages/colcon_core/task/python/colcon_distutils_commands:/home/vboxuser/Gemeo_digital_MJV/install/carrinho_sdf_pkg/lib/python3.10/site-packages:${PYTHONPATH} /usr/bin/python3 -W ignore:setup.py install is deprecated -W ignore:easy_install command is deprecated setup.py egg_info --egg-base ../../build/carrinho_sdf_pkg build --build-base /home/vboxuser/Gemeo_digital_MJV/build/carrinho_sdf_pkg/build install --record /home/vboxuser/Gemeo_digital_MJV/build/carrinho_sdf_pkg/install.log --single-version-externally-managed install_data
