running develop
Removing /home/vboxuser/Gemeo_digital_MJV/install/carrinho_sdf_pkg/lib/python3.10/site-packages/carrinho-sdf-pkg.egg-link (link to .)
running egg_info
writing ../../build/carrinho_sdf_pkg/carrinho_sdf_pkg.egg-info/PKG-INFO
writing dependency_links to ../../build/carrinho_sdf_pkg/carrinho_sdf_pkg.egg-info/dependency_links.txt
writing entry points to ../../build/carrinho_sdf_pkg/carrinho_sdf_pkg.egg-info/entry_points.txt
writing requirements to ../../build/carrinho_sdf_pkg/carrinho_sdf_pkg.egg-info/requires.txt
writing top-level names to ../../build/carrinho_sdf_pkg/carrinho_sdf_pkg.egg-info/top_level.txt
reading manifest file '../../build/carrinho_sdf_pkg/carrinho_sdf_pkg.egg-info/SOURCES.txt'
writing manifest file '../../build/carrinho_sdf_pkg/carrinho_sdf_pkg.egg-info/SOURCES.txt'
running build
running build_py
creating /home/vboxuser/Gemeo_digital_MJV/build/carrinho_sdf_pkg/build
creating /home/vboxuser/Gemeo_digital_MJV/build/carrinho_sdf_pkg/build/lib
creating /home/vboxuser/Gemeo_digital_MJV/build/carrinho_sdf_pkg/build/lib/carrinho_sdf_pkg
copying carrinho_sdf_pkg/__init__.py -> /home/vboxuser/Gemeo_digital_MJV/build/carrinho_sdf_pkg/build/lib/carrinho_sdf_pkg
copying carrinho_sdf_pkg/mover_carrinho.py -> /home/vboxuser/Gemeo_digital_MJV/build/carrinho_sdf_pkg/build/lib/carrinho_sdf_pkg
running install
running install_lib
creating /home/vboxuser/Gemeo_digital_MJV/install/carrinho_sdf_pkg/lib/python3.10/site-packages/carrinho_sdf_pkg
copying /home/vboxuser/Gemeo_digital_MJV/build/carrinho_sdf_pkg/build/lib/carrinho_sdf_pkg/__init__.py -> /home/vboxuser/Gemeo_digital_MJV/install/carrinho_sdf_pkg/lib/python3.10/site-packages/carrinho_sdf_pkg
copying /home/vboxuser/Gemeo_digital_MJV/build/carrinho_sdf_pkg/build/lib/carrinho_sdf_pkg/mover_carrinho.py -> /home/vboxuser/Gemeo_digital_MJV/install/carrinho_sdf_pkg/lib/python3.10/site-packages/carrinho_sdf_pkg
byte-compiling /home/vboxuser/Gemeo_digital_MJV/install/carrinho_sdf_pkg/lib/python3.10/site-packages/carrinho_sdf_pkg/__init__.py to __init__.cpython-310.pyc
byte-compiling /home/vboxuser/Gemeo_digital_MJV/install/carrinho_sdf_pkg/lib/python3.10/site-packages/carrinho_sdf_pkg/mover_carrinho.py to mover_carrinho.cpython-310.pyc
running install_data
copying resource/carrinho_sdf_pkg -> /home/vboxuser/Gemeo_digital_MJV/install/carrinho_sdf_pkg/share/ament_index/resource_index/packages
copying package.xml -> /home/vboxuser/Gemeo_digital_MJV/install/carrinho_sdf_pkg/share/carrinho_sdf_pkg
copying launch/sim.launch.py -> /home/vboxuser/Gemeo_digital_MJV/install/carrinho_sdf_pkg/share/carrinho_sdf_pkg/launch
copying worlds/meu_mundo.world -> /home/vboxuser/Gemeo_digital_MJV/install/carrinho_sdf_pkg/share/carrinho_sdf_pkg/worlds
copying models/carrinho_sdf/model.sdf -> /home/vboxuser/Gemeo_digital_MJV/install/carrinho_sdf_pkg/share/carrinho_sdf_pkg/models/carrinho_sdf
copying models/carrinho_sdf/model.config -> /home/vboxuser/Gemeo_digital_MJV/install/carrinho_sdf_pkg/share/carrinho_sdf_pkg/models/carrinho_sdf
running install_egg_info
Copying ../../build/carrinho_sdf_pkg/carrinho_sdf_pkg.egg-info to /home/vboxuser/Gemeo_digital_MJV/install/carrinho_sdf_pkg/lib/python3.10/site-packages/carrinho_sdf_pkg-0.0.1-py3.10.egg-info
running install_scripts
Installing mover_carrinho script to /home/vboxuser/Gemeo_digital_MJV/install/carrinho_sdf_pkg/lib/carrinho_sdf_pkg
writing list of installed files to '/home/vboxuser/Gemeo_digital_MJV/build/carrinho_sdf_pkg/install.log'
