[1.644s] Invoking command in '/home/vboxuser/Gemeo_digital_MJV/src/carrinho_sdf_pkg': PYTHONPATH=/home/vboxuser/Gemeo_digital_MJV/build/carrinho_sdf_pkg/prefix_override:/usr/lib/python3/dist-packages/colcon_core/task/python/colcon_distutils_commands:/home/vboxuser/Gemeo_digital_MJV/install/carrinho_sdf_pkg/lib/python3.10/site-packages:${PYTHONPATH} /usr/bin/python3 -W ignore:setup.py install is deprecated -W ignore:easy_install command is deprecated setup.py egg_info --egg-base ../../build/carrinho_sdf_pkg build --build-base /home/vboxuser/Gemeo_digital_MJV/build/carrinho_sdf_pkg/build install --record /home/vboxuser/Gemeo_digital_MJV/build/carrinho_sdf_pkg/install.log --single-version-externally-managed install_data
[2.303s] running egg_info
[2.308s] writing ../../build/carrinho_sdf_pkg/carrinho_sdf_pkg.egg-info/PKG-INFO
[2.310s] writing dependency_links to ../../build/carrinho_sdf_pkg/carrinho_sdf_pkg.egg-info/dependency_links.txt
[2.312s] writing entry points to ../../build/carrinho_sdf_pkg/carrinho_sdf_pkg.egg-info/entry_points.txt
[2.313s] writing requirements to ../../build/carrinho_sdf_pkg/carrinho_sdf_pkg.egg-info/requires.txt
[2.315s] writing top-level names to ../../build/carrinho_sdf_pkg/carrinho_sdf_pkg.egg-info/top_level.txt
[2.323s] reading manifest file '../../build/carrinho_sdf_pkg/carrinho_sdf_pkg.egg-info/SOURCES.txt'
[2.328s] writing manifest file '../../build/carrinho_sdf_pkg/carrinho_sdf_pkg.egg-info/SOURCES.txt'
[2.329s] running build
[2.329s] running build_py
[2.332s] running install
[2.332s] running install_lib
[2.338s] running install_data
[2.339s] copying launch/sim.launch.py -> /home/vboxuser/Gemeo_digital_MJV/install/carrinho_sdf_pkg/share/carrinho_sdf_pkg/launch
[2.339s] copying models/carrinho_sdf/model.config -> /home/vboxuser/Gemeo_digital_MJV/install/carrinho_sdf_pkg/share/carrinho_sdf_pkg/models/carrinho_sdf
[2.339s] running install_egg_info
[2.350s] removing '/home/vboxuser/Gemeo_digital_MJV/install/carrinho_sdf_pkg/lib/python3.10/site-packages/carrinho_sdf_pkg-0.0.1-py3.10.egg-info' (and everything under it)
[2.352s] Copying ../../build/carrinho_sdf_pkg/carrinho_sdf_pkg.egg-info to /home/vboxuser/Gemeo_digital_MJV/install/carrinho_sdf_pkg/lib/python3.10/site-packages/carrinho_sdf_pkg-0.0.1-py3.10.egg-info
[2.353s] running install_scripts
[2.425s] Installing mover_carrinho script to /home/vboxuser/Gemeo_digital_MJV/install/carrinho_sdf_pkg/lib/carrinho_sdf_pkg
[2.427s] writing list of installed files to '/home/vboxuser/Gemeo_digital_MJV/build/carrinho_sdf_pkg/install.log'
[2.494s] Invoked command in '/home/vboxuser/Gemeo_digital_MJV/src/carrinho_sdf_pkg' returned '0': PYTHONPATH=/home/vboxuser/Gemeo_digital_MJV/build/carrinho_sdf_pkg/prefix_override:/usr/lib/python3/dist-packages/colcon_core/task/python/colcon_distutils_commands:/home/vboxuser/Gemeo_digital_MJV/install/carrinho_sdf_pkg/lib/python3.10/site-packages:${PYTHONPATH} /usr/bin/python3 -W ignore:setup.py install is deprecated -W ignore:easy_install command is deprecated setup.py egg_info --egg-base ../../build/carrinho_sdf_pkg build --build-base /home/vboxuser/Gemeo_digital_MJV/build/carrinho_sdf_pkg/build install --record /home/vboxuser/Gemeo_digital_MJV/build/carrinho_sdf_pkg/install.log --single-version-externally-managed install_data
