running develop
running egg_info
writing carrinho_sdf_pkg.egg-info/PKG-INFO
writing dependency_links to carrinho_sdf_pkg.egg-info/dependency_links.txt
writing entry points to carrinho_sdf_pkg.egg-info/entry_points.txt
writing requirements to carrinho_sdf_pkg.egg-info/requires.txt
writing top-level names to carrinho_sdf_pkg.egg-info/top_level.txt
reading manifest file 'carrinho_sdf_pkg.egg-info/SOURCES.txt'
writing manifest file 'carrinho_sdf_pkg.egg-info/SOURCES.txt'
running build_ext
Creating /home/larissa/Gemeo_digital_MJV/install/carrinho_sdf_pkg/lib/python3.10/site-packages/carrinho-sdf-pkg.egg-link (link to .)
Installing mover_carrinho script to /home/larissa/Gemeo_digital_MJV/install/carrinho_sdf_pkg/lib/carrinho_sdf_pkg

Installed /home/larissa/Gemeo_digital_MJV/build/carrinho_sdf_pkg
running symlink_data
symbolically linking /home/larissa/Gemeo_digital_MJV/build/carrinho_sdf_pkg/resource/carrinho_sdf_pkg -> /home/larissa/Gemeo_digital_MJV/install/carrinho_sdf_pkg/share/ament_index/resource_index/packages
symbolically linking /home/larissa/Gemeo_digital_MJV/build/carrinho_sdf_pkg/package.xml -> /home/larissa/Gemeo_digital_MJV/install/carrinho_sdf_pkg/share/carrinho_sdf_pkg
symbolically linking /home/larissa/Gemeo_digital_MJV/build/carrinho_sdf_pkg/launch/sim.launch.py -> /home/larissa/Gemeo_digital_MJV/install/carrinho_sdf_pkg/share/carrinho_sdf_pkg/launch
symbolically linking /home/larissa/Gemeo_digital_MJV/build/carrinho_sdf_pkg/worlds/meu_mundo.world -> /home/larissa/Gemeo_digital_MJV/install/carrinho_sdf_pkg/share/carrinho_sdf_pkg/worlds
symbolically linking /home/larissa/Gemeo_digital_MJV/build/carrinho_sdf_pkg/models/carrinho_sdf/model.sdf -> /home/larissa/Gemeo_digital_MJV/install/carrinho_sdf_pkg/share/carrinho_sdf_pkg/models/carrinho_sdf
symbolically linking /home/larissa/Gemeo_digital_MJV/build/carrinho_sdf_pkg/models/carrinho_sdf/model.config -> /home/larissa/Gemeo_digital_MJV/install/carrinho_sdf_pkg/share/carrinho_sdf_pkg/models/carrinho_sdf
