[1.124s] Invoking command in '/home/larissa/Gemeo_digital_MJV/build/carrinho_sdf_pkg': PYTHONPATH=/home/larissa/Gemeo_digital_MJV/build/carrinho_sdf_pkg/prefix_override:/usr/lib/python3/dist-packages/colcon_core/task/python/colcon_distutils_commands:/home/larissa/Gemeo_digital_MJV/install/carrinho_sdf_pkg/lib/python3.10/site-packages:${PYTHONPATH} /usr/bin/python3 -W ignore:setup.py install is deprecated -W ignore:easy_install command is deprecated setup.py develop --editable --build-directory /home/larissa/Gemeo_digital_MJV/build/carrinho_sdf_pkg/build --no-deps symlink_data --force
[1.540s] running develop
[1.716s] running egg_info
[1.717s] writing carrinho_sdf_pkg.egg-info/PKG-INFO
[1.717s] writing dependency_links to carrinho_sdf_pkg.egg-info/dependency_links.txt
[1.718s] writing entry points to carrinho_sdf_pkg.egg-info/entry_points.txt
[1.726s] writing requirements to carrinho_sdf_pkg.egg-info/requires.txt
[1.726s] writing top-level names to carrinho_sdf_pkg.egg-info/top_level.txt
[1.730s] reading manifest file 'carrinho_sdf_pkg.egg-info/SOURCES.txt'
[1.733s] writing manifest file 'carrinho_sdf_pkg.egg-info/SOURCES.txt'
[1.736s] running build_ext
[1.736s] Creating /home/larissa/Gemeo_digital_MJV/install/carrinho_sdf_pkg/lib/python3.10/site-packages/carrinho-sdf-pkg.egg-link (link to .)
[1.738s] Installing mover_carrinho script to /home/larissa/Gemeo_digital_MJV/install/carrinho_sdf_pkg/lib/carrinho_sdf_pkg
[1.738s] 
[1.739s] Installed /home/larissa/Gemeo_digital_MJV/build/carrinho_sdf_pkg
[1.739s] running symlink_data
[1.739s] symbolically linking /home/larissa/Gemeo_digital_MJV/build/carrinho_sdf_pkg/resource/carrinho_sdf_pkg -> /home/larissa/Gemeo_digital_MJV/install/carrinho_sdf_pkg/share/ament_index/resource_index/packages
[1.739s] symbolically linking /home/larissa/Gemeo_digital_MJV/build/carrinho_sdf_pkg/package.xml -> /home/larissa/Gemeo_digital_MJV/install/carrinho_sdf_pkg/share/carrinho_sdf_pkg
[1.740s] symbolically linking /home/larissa/Gemeo_digital_MJV/build/carrinho_sdf_pkg/launch/sim.launch.py -> /home/larissa/Gemeo_digital_MJV/install/carrinho_sdf_pkg/share/carrinho_sdf_pkg/launch
[1.740s] symbolically linking /home/larissa/Gemeo_digital_MJV/build/carrinho_sdf_pkg/worlds/meu_mundo.world -> /home/larissa/Gemeo_digital_MJV/install/carrinho_sdf_pkg/share/carrinho_sdf_pkg/worlds
[1.741s] symbolically linking /home/larissa/Gemeo_digital_MJV/build/carrinho_sdf_pkg/models/carrinho_sdf/model.sdf -> /home/larissa/Gemeo_digital_MJV/install/carrinho_sdf_pkg/share/carrinho_sdf_pkg/models/carrinho_sdf
[1.741s] symbolically linking /home/larissa/Gemeo_digital_MJV/build/carrinho_sdf_pkg/models/carrinho_sdf/model.config -> /home/larissa/Gemeo_digital_MJV/install/carrinho_sdf_pkg/share/carrinho_sdf_pkg/models/carrinho_sdf
[1.796s] Invoked command in '/home/larissa/Gemeo_digital_MJV/build/carrinho_sdf_pkg' returned '0': PYTHONPATH=/home/larissa/Gemeo_digital_MJV/build/carrinho_sdf_pkg/prefix_override:/usr/lib/python3/dist-packages/colcon_core/task/python/colcon_distutils_commands:/home/larissa/Gemeo_digital_MJV/install/carrinho_sdf_pkg/lib/python3.10/site-packages:${PYTHONPATH} /usr/bin/python3 -W ignore:setup.py install is deprecated -W ignore:easy_install command is deprecated setup.py develop --editable --build-directory /home/larissa/Gemeo_digital_MJV/build/carrinho_sdf_pkg/build --no-deps symlink_data --force
