[1.620s] Invoking command in '/home/larissa/Gemeo_digital_MJV/src/carrinho_sdf_pkg': PYTHONPATH=/home/larissa/Gemeo_digital_MJV/build/carrinho_sdf_pkg/prefix_override:/usr/lib/python3/dist-packages/colcon_core/task/python/colcon_distutils_commands:/home/larissa/Gemeo_digital_MJV/install/carrinho_sdf_pkg/lib/python3.10/site-packages:${PYTHONPATH} /usr/bin/python3 -W ignore:setup.py install is deprecated -W ignore:easy_install command is deprecated setup.py egg_info --egg-base ../../build/carrinho_sdf_pkg build --build-base /home/larissa/Gemeo_digital_MJV/build/carrinho_sdf_pkg/build install --record /home/larissa/Gemeo_digital_MJV/build/carrinho_sdf_pkg/install.log --single-version-externally-managed install_data
[2.075s] running egg_info
[2.079s] writing ../../build/carrinho_sdf_pkg/carrinho_sdf_pkg.egg-info/PKG-INFO
[2.079s] writing dependency_links to ../../build/carrinho_sdf_pkg/carrinho_sdf_pkg.egg-info/dependency_links.txt
[2.079s] writing entry points to ../../build/carrinho_sdf_pkg/carrinho_sdf_pkg.egg-info/entry_points.txt
[2.083s] writing requirements to ../../build/carrinho_sdf_pkg/carrinho_sdf_pkg.egg-info/requires.txt
[2.083s] writing top-level names to ../../build/carrinho_sdf_pkg/carrinho_sdf_pkg.egg-info/top_level.txt
[2.086s] reading manifest file '../../build/carrinho_sdf_pkg/carrinho_sdf_pkg.egg-info/SOURCES.txt'
[2.089s] writing manifest file '../../build/carrinho_sdf_pkg/carrinho_sdf_pkg.egg-info/SOURCES.txt'
[2.091s] running build
[2.091s] running build_py
[2.092s] running install
[2.092s] running install_lib
[2.095s] running install_data
[2.097s] copying launch/sim.launch.py -> /home/larissa/Gemeo_digital_MJV/install/carrinho_sdf_pkg/share/carrinho_sdf_pkg/launch
[2.097s] copying models/carrinho_sdf/model.sdf -> /home/larissa/Gemeo_digital_MJV/install/carrinho_sdf_pkg/share/carrinho_sdf_pkg/models/carrinho_sdf
[2.099s] running install_egg_info
[2.106s] removing '/home/larissa/Gemeo_digital_MJV/install/carrinho_sdf_pkg/lib/python3.10/site-packages/carrinho_sdf_pkg-0.0.1-py3.10.egg-info' (and everything under it)
[2.106s] Copying ../../build/carrinho_sdf_pkg/carrinho_sdf_pkg.egg-info to /home/larissa/Gemeo_digital_MJV/install/carrinho_sdf_pkg/lib/python3.10/site-packages/carrinho_sdf_pkg-0.0.1-py3.10.egg-info
[2.117s] running install_scripts
[2.159s] Installing mover_carrinho script to /home/larissa/Gemeo_digital_MJV/install/carrinho_sdf_pkg/lib/carrinho_sdf_pkg
[2.161s] writing list of installed files to '/home/larissa/Gemeo_digital_MJV/build/carrinho_sdf_pkg/install.log'
[2.214s] Invoked command in '/home/larissa/Gemeo_digital_MJV/src/carrinho_sdf_pkg' returned '0': PYTHONPATH=/home/larissa/Gemeo_digital_MJV/build/carrinho_sdf_pkg/prefix_override:/usr/lib/python3/dist-packages/colcon_core/task/python/colcon_distutils_commands:/home/larissa/Gemeo_digital_MJV/install/carrinho_sdf_pkg/lib/python3.10/site-packages:${PYTHONPATH} /usr/bin/python3 -W ignore:setup.py install is deprecated -W ignore:easy_install command is deprecated setup.py egg_info --egg-base ../../build/carrinho_sdf_pkg build --build-base /home/larissa/Gemeo_digital_MJV/build/carrinho_sdf_pkg/build install --record /home/larissa/Gemeo_digital_MJV/build/carrinho_sdf_pkg/install.log --single-version-externally-managed install_data
