[1.272s] Invoking command in '/home/vboxuser/Gemeo_digital_MJV/src/carrinho_sdf_pkg': PYTHONPATH=/home/vboxuser/Gemeo_digital_MJV/build/carrinho_sdf_pkg/prefix_override:/usr/lib/python3/dist-packages/colcon_core/task/python/colcon_distutils_commands:/home/vboxuser/Gemeo_digital_MJV/install/carrinho_sdf_pkg/lib/python3.10/site-packages:${PYTHONPATH} /usr/bin/python3 -W ignore:setup.py install is deprecated -W ignore:easy_install command is deprecated setup.py egg_info --egg-base ../../build/carrinho_sdf_pkg build --build-base /home/vboxuser/Gemeo_digital_MJV/build/carrinho_sdf_pkg/build install --record /home/vboxuser/Gemeo_digital_MJV/build/carrinho_sdf_pkg/install.log --single-version-externally-managed install_data
[1.850s] running egg_info
[1.852s] writing ../../build/carrinho_sdf_pkg/carrinho_sdf_pkg.egg-info/PKG-INFO
[1.854s] writing dependency_links to ../../build/carrinho_sdf_pkg/carrinho_sdf_pkg.egg-info/dependency_links.txt
[1.856s] writing entry points to ../../build/carrinho_sdf_pkg/carrinho_sdf_pkg.egg-info/entry_points.txt
[1.857s] writing requirements to ../../build/carrinho_sdf_pkg/carrinho_sdf_pkg.egg-info/requires.txt
[1.859s] writing top-level names to ../../build/carrinho_sdf_pkg/carrinho_sdf_pkg.egg-info/top_level.txt
[1.865s] reading manifest file '../../build/carrinho_sdf_pkg/carrinho_sdf_pkg.egg-info/SOURCES.txt'
[1.868s] writing manifest file '../../build/carrinho_sdf_pkg/carrinho_sdf_pkg.egg-info/SOURCES.txt'
[1.869s] running build
[1.869s] running build_py
[1.870s] running install
[1.872s] running install_lib
[1.884s] running install_data
[1.886s] copying launch/sim.launch.py -> /home/vboxuser/Gemeo_digital_MJV/install/carrinho_sdf_pkg/share/carrinho_sdf_pkg/launch
[1.889s] running install_egg_info
[1.890s] removing '/home/vboxuser/Gemeo_digital_MJV/install/carrinho_sdf_pkg/lib/python3.10/site-packages/carrinho_sdf_pkg-0.0.1-py3.10.egg-info' (and everything under it)
[1.901s] Copying ../../build/carrinho_sdf_pkg/carrinho_sdf_pkg.egg-info to /home/vboxuser/Gemeo_digital_MJV/install/carrinho_sdf_pkg/lib/python3.10/site-packages/carrinho_sdf_pkg-0.0.1-py3.10.egg-info
[1.902s] running install_scripts
[1.949s] Installing mover_carrinho script to /home/vboxuser/Gemeo_digital_MJV/install/carrinho_sdf_pkg/lib/carrinho_sdf_pkg
[1.951s] writing list of installed files to '/home/vboxuser/Gemeo_digital_MJV/build/carrinho_sdf_pkg/install.log'
[2.017s] Invoked command in '/home/vboxuser/Gemeo_digital_MJV/src/carrinho_sdf_pkg' returned '0': PYTHONPATH=/home/vboxuser/Gemeo_digital_MJV/build/carrinho_sdf_pkg/prefix_override:/usr/lib/python3/dist-packages/colcon_core/task/python/colcon_distutils_commands:/home/vboxuser/Gemeo_digital_MJV/install/carrinho_sdf_pkg/lib/python3.10/site-packages:${PYTHONPATH} /usr/bin/python3 -W ignore:setup.py install is deprecated -W ignore:easy_install command is deprecated setup.py egg_info --egg-base ../../build/carrinho_sdf_pkg build --build-base /home/vboxuser/Gemeo_digital_MJV/build/carrinho_sdf_pkg/build install --record /home/vboxuser/Gemeo_digital_MJV/build/carrinho_sdf_pkg/install.log --single-version-externally-managed install_data
