[0.394s] DEBUG:colcon:Command line arguments: ['/usr/bin/colcon', 'build']
[0.395s] DEBUG:colcon:Parsed command line arguments: Namespace(log_base=None, log_level=None, verb_name='build', build_base='build', install_base='install', merge_install=False, symlink_install=False, test_result_base=None, continue_on_error=False, executor='parallel', parallel_workers=4, event_handlers=None, ignore_user_meta=False, metas=['./colcon.meta'], base_paths=['.'], packages_ignore=None, packages_ignore_regex=None, paths=None, packages_up_to=None, packages_up_to_regex=None, packages_above=None, packages_above_and_dependencies=None, packages_above_depth=None, packages_select_by_dep=None, packages_skip_by_dep=None, packages_skip_up_to=None, packages_select_build_failed=False, packages_skip_build_finished=False, packages_select_test_failures=False, packages_skip_test_passed=False, packages_select=None, packages_skip=None, packages_select_regex=None, packages_skip_regex=None, packages_start=None, packages_end=None, allow_overriding=[], cmake_args=None, cmake_target=None, cmake_target_skip_unavailable=False, cmake_clean_cache=False, cmake_clean_first=False, cmake_force_configure=False, ament_cmake_args=None, catkin_cmake_args=None, catkin_skip_building_tests=False, mixin_files=None, mixin=None, verb_parser=<colcon_mixin.mixin.mixin_argument.MixinArgumentDecorator object at 0x78e497069270>, verb_extension=<colcon_core.verb.build.BuildVerb object at 0x78e497068d30>, main=<bound method BuildVerb.main of <colcon_core.verb.build.BuildVerb object at 0x78e497068d30>>, mixin_verb=('build',))
[0.979s] Level 1:colcon.colcon_core.package_discovery:discover_packages(colcon_meta) check parameters
[0.980s] Level 1:colcon.colcon_core.package_discovery:discover_packages(recursive) check parameters
[0.981s] Level 1:colcon.colcon_core.package_discovery:discover_packages(ignore) check parameters
[0.982s] Level 1:colcon.colcon_core.package_discovery:discover_packages(path) check parameters
[0.983s] Level 1:colcon.colcon_core.package_discovery:discover_packages(colcon_meta) discover
[0.984s] Level 1:colcon.colcon_core.package_discovery:discover_packages(recursive) discover
[0.985s] INFO:colcon.colcon_core.package_discovery:Crawling recursively for packages in '/home/larissa/Gemeo_digital_MJV'
[0.985s] Level 1:colcon.colcon_core.package_identification:_identify(.) by extensions ['ignore', 'ignore_ament_install']
[0.987s] Level 1:colcon.colcon_core.package_identification:_identify(.) by extension 'ignore'
[0.987s] Level 1:colcon.colcon_core.package_identification:_identify(.) by extension 'ignore_ament_install'
[0.989s] Level 1:colcon.colcon_core.package_identification:_identify(.) by extensions ['colcon_pkg']
[0.989s] Level 1:colcon.colcon_core.package_identification:_identify(.) by extension 'colcon_pkg'
[0.989s] Level 1:colcon.colcon_core.package_identification:_identify(.) by extensions ['colcon_meta']
[0.990s] Level 1:colcon.colcon_core.package_identification:_identify(.) by extension 'colcon_meta'
[0.990s] Level 1:colcon.colcon_core.package_identification:_identify(.) by extensions ['ros']
[0.991s] Level 1:colcon.colcon_core.package_identification:_identify(.) by extension 'ros'
[1.035s] Level 1:colcon.colcon_core.package_identification:_identify(.) by extensions ['cmake', 'python']
[1.035s] Level 1:colcon.colcon_core.package_identification:_identify(.) by extension 'cmake'
[1.035s] Level 1:colcon.colcon_core.package_identification:_identify(.) by extension 'python'
[1.035s] Level 1:colcon.colcon_core.package_identification:_identify(.) by extensions ['python_setup_py']
[1.035s] Level 1:colcon.colcon_core.package_identification:_identify(.) by extension 'python_setup_py'
[1.035s] Level 1:colcon.colcon_core.package_identification:_identify(build) by extensions ['ignore', 'ignore_ament_install']
[1.036s] Level 1:colcon.colcon_core.package_identification:_identify(build) by extension 'ignore'
[1.036s] Level 1:colcon.colcon_core.package_identification:_identify(build) ignored
[1.036s] Level 1:colcon.colcon_core.package_identification:_identify(install) by extensions ['ignore', 'ignore_ament_install']
[1.036s] Level 1:colcon.colcon_core.package_identification:_identify(install) by extension 'ignore'
[1.036s] Level 1:colcon.colcon_core.package_identification:_identify(install) ignored
[1.036s] Level 1:colcon.colcon_core.package_identification:_identify(log) by extensions ['ignore', 'ignore_ament_install']
[1.037s] Level 1:colcon.colcon_core.package_identification:_identify(log) by extension 'ignore'
[1.037s] Level 1:colcon.colcon_core.package_identification:_identify(log) ignored
[1.037s] Level 1:colcon.colcon_core.package_identification:_identify(src) by extensions ['ignore', 'ignore_ament_install']
[1.037s] Level 1:colcon.colcon_core.package_identification:_identify(src) by extension 'ignore'
[1.037s] Level 1:colcon.colcon_core.package_identification:_identify(src) by extension 'ignore_ament_install'
[1.037s] Level 1:colcon.colcon_core.package_identification:_identify(src) by extensions ['colcon_pkg']
[1.037s] Level 1:colcon.colcon_core.package_identification:_identify(src) by extension 'colcon_pkg'
[1.037s] Level 1:colcon.colcon_core.package_identification:_identify(src) by extensions ['colcon_meta']
[1.038s] Level 1:colcon.colcon_core.package_identification:_identify(src) by extension 'colcon_meta'
[1.038s] Level 1:colcon.colcon_core.package_identification:_identify(src) by extensions ['ros']
[1.038s] Level 1:colcon.colcon_core.package_identification:_identify(src) by extension 'ros'
[1.038s] Level 1:colcon.colcon_core.package_identification:_identify(src) by extensions ['cmake', 'python']
[1.038s] Level 1:colcon.colcon_core.package_identification:_identify(src) by extension 'cmake'
[1.038s] Level 1:colcon.colcon_core.package_identification:_identify(src) by extension 'python'
[1.038s] Level 1:colcon.colcon_core.package_identification:_identify(src) by extensions ['python_setup_py']
[1.038s] Level 1:colcon.colcon_core.package_identification:_identify(src) by extension 'python_setup_py'
[1.038s] Level 1:colcon.colcon_core.package_identification:_identify(src/carrinho_sdf_pkg) by extensions ['ignore', 'ignore_ament_install']
[1.039s] Level 1:colcon.colcon_core.package_identification:_identify(src/carrinho_sdf_pkg) by extension 'ignore'
[1.039s] Level 1:colcon.colcon_core.package_identification:_identify(src/carrinho_sdf_pkg) by extension 'ignore_ament_install'
[1.039s] Level 1:colcon.colcon_core.package_identification:_identify(src/carrinho_sdf_pkg) by extensions ['colcon_pkg']
[1.039s] Level 1:colcon.colcon_core.package_identification:_identify(src/carrinho_sdf_pkg) by extension 'colcon_pkg'
[1.039s] Level 1:colcon.colcon_core.package_identification:_identify(src/carrinho_sdf_pkg) by extensions ['colcon_meta']
[1.039s] Level 1:colcon.colcon_core.package_identification:_identify(src/carrinho_sdf_pkg) by extension 'colcon_meta'
[1.039s] Level 1:colcon.colcon_core.package_identification:_identify(src/carrinho_sdf_pkg) by extensions ['ros']
[1.039s] Level 1:colcon.colcon_core.package_identification:_identify(src/carrinho_sdf_pkg) by extension 'ros'
[1.045s] DEBUG:colcon.colcon_core.package_identification:Package 'src/carrinho_sdf_pkg' with type 'ros.ament_python' and name 'carrinho_sdf_pkg'
[1.045s] Level 1:colcon.colcon_core.package_discovery:discover_packages(recursive) using defaults
[1.045s] Level 1:colcon.colcon_core.package_discovery:discover_packages(ignore) discover
[1.045s] Level 1:colcon.colcon_core.package_discovery:discover_packages(ignore) using defaults
[1.046s] Level 1:colcon.colcon_core.package_discovery:discover_packages(path) discover
[1.046s] Level 1:colcon.colcon_core.package_discovery:discover_packages(path) using defaults
[1.150s] Level 1:colcon.colcon_core.package_discovery:discover_packages(prefix_path) check parameters
[1.150s] Level 1:colcon.colcon_core.package_discovery:discover_packages(prefix_path) discover
[1.158s] DEBUG:colcon.colcon_installed_package_information.package_discovery:Found 1 installed packages in /home/larissa/Gemeo_digital_MJV/install
[1.161s] DEBUG:colcon.colcon_installed_package_information.package_discovery:Found 277 installed packages in /opt/ros/humble
[1.166s] Level 1:colcon.colcon_core.package_discovery:discover_packages(prefix_path) using defaults
[1.295s] Level 5:colcon.colcon_core.verb:set package 'carrinho_sdf_pkg' build argument 'cmake_args' from command line to 'None'
[1.299s] Level 5:colcon.colcon_core.verb:set package 'carrinho_sdf_pkg' build argument 'cmake_target' from command line to 'None'
[1.300s] Level 5:colcon.colcon_core.verb:set package 'carrinho_sdf_pkg' build argument 'cmake_target_skip_unavailable' from command line to 'False'
[1.300s] Level 5:colcon.colcon_core.verb:set package 'carrinho_sdf_pkg' build argument 'cmake_clean_cache' from command line to 'False'
[1.301s] Level 5:colcon.colcon_core.verb:set package 'carrinho_sdf_pkg' build argument 'cmake_clean_first' from command line to 'False'
[1.301s] Level 5:colcon.colcon_core.verb:set package 'carrinho_sdf_pkg' build argument 'cmake_force_configure' from command line to 'False'
[1.301s] Level 5:colcon.colcon_core.verb:set package 'carrinho_sdf_pkg' build argument 'ament_cmake_args' from command line to 'None'
[1.302s] Level 5:colcon.colcon_core.verb:set package 'carrinho_sdf_pkg' build argument 'catkin_cmake_args' from command line to 'None'
[1.302s] Level 5:colcon.colcon_core.verb:set package 'carrinho_sdf_pkg' build argument 'catkin_skip_building_tests' from command line to 'False'
[1.302s] DEBUG:colcon.colcon_core.verb:Building package 'carrinho_sdf_pkg' with the following arguments: {'ament_cmake_args': None, 'build_base': '/home/larissa/Gemeo_digital_MJV/build/carrinho_sdf_pkg', 'catkin_cmake_args': None, 'catkin_skip_building_tests': False, 'cmake_args': None, 'cmake_clean_cache': False, 'cmake_clean_first': False, 'cmake_force_configure': False, 'cmake_target': None, 'cmake_target_skip_unavailable': False, 'install_base': '/home/larissa/Gemeo_digital_MJV/install/carrinho_sdf_pkg', 'merge_install': False, 'path': '/home/larissa/Gemeo_digital_MJV/src/carrinho_sdf_pkg', 'symlink_install': False, 'test_result_base': None}
[1.303s] INFO:colcon.colcon_core.executor:Executing jobs using 'parallel' executor
[1.309s] DEBUG:colcon.colcon_parallel_executor.executor.parallel:run_until_complete
[1.309s] INFO:colcon.colcon_ros.task.ament_python.build:Building ROS package in '/home/larissa/Gemeo_digital_MJV/src/carrinho_sdf_pkg' with build type 'ament_python'
[1.309s] Level 1:colcon.colcon_core.shell:create_environment_hook('carrinho_sdf_pkg', 'ament_prefix_path')
[1.319s] INFO:colcon.colcon_core.plugin_system:Skipping extension 'colcon_core.shell.bat': Not used on non-Windows systems
[1.320s] INFO:colcon.colcon_core.shell:Creating environment hook '/home/larissa/Gemeo_digital_MJV/install/carrinho_sdf_pkg/share/carrinho_sdf_pkg/hook/ament_prefix_path.ps1'
[1.325s] INFO:colcon.colcon_core.shell:Creating environment descriptor '/home/larissa/Gemeo_digital_MJV/install/carrinho_sdf_pkg/share/carrinho_sdf_pkg/hook/ament_prefix_path.dsv'
[1.328s] INFO:colcon.colcon_core.shell:Creating environment hook '/home/larissa/Gemeo_digital_MJV/install/carrinho_sdf_pkg/share/carrinho_sdf_pkg/hook/ament_prefix_path.sh'
[1.333s] INFO:colcon.colcon_core.shell:Skip shell extension 'powershell' for command environment: Not usable outside of PowerShell
[1.334s] DEBUG:colcon.colcon_core.shell:Skip shell extension 'dsv' for command environment
[2.359s] INFO:colcon.colcon_core.task.python.build:Building Python package in '/home/larissa/Gemeo_digital_MJV/src/carrinho_sdf_pkg'
[2.360s] INFO:colcon.colcon_core.shell:Skip shell extension 'powershell' for command environment: Not usable outside of PowerShell
[2.360s] DEBUG:colcon.colcon_core.shell:Skip shell extension 'dsv' for command environment
[3.172s] DEBUG:colcon.colcon_core.event_handler.log_command:Invoking command in '/home/larissa/Gemeo_digital_MJV/src/carrinho_sdf_pkg': PYTHONPATH=/home/larissa/Gemeo_digital_MJV/build/carrinho_sdf_pkg/prefix_override:/usr/lib/python3/dist-packages/colcon_core/task/python/colcon_distutils_commands:/home/larissa/Gemeo_digital_MJV/install/carrinho_sdf_pkg/lib/python3.10/site-packages:${PYTHONPATH} /usr/bin/python3 -W ignore:setup.py install is deprecated -W ignore:easy_install command is deprecated setup.py egg_info --egg-base ../../build/carrinho_sdf_pkg build --build-base /home/larissa/Gemeo_digital_MJV/build/carrinho_sdf_pkg/build install --record /home/larissa/Gemeo_digital_MJV/build/carrinho_sdf_pkg/install.log --single-version-externally-managed install_data
[3.755s] Level 1:colcon.colcon_core.environment:checking '/home/larissa/Gemeo_digital_MJV/install/carrinho_sdf_pkg' for CMake module files
[3.757s] DEBUG:colcon.colcon_core.event_handler.log_command:Invoked command in '/home/larissa/Gemeo_digital_MJV/src/carrinho_sdf_pkg' returned '0': PYTHONPATH=/home/larissa/Gemeo_digital_MJV/build/carrinho_sdf_pkg/prefix_override:/usr/lib/python3/dist-packages/colcon_core/task/python/colcon_distutils_commands:/home/larissa/Gemeo_digital_MJV/install/carrinho_sdf_pkg/lib/python3.10/site-packages:${PYTHONPATH} /usr/bin/python3 -W ignore:setup.py install is deprecated -W ignore:easy_install command is deprecated setup.py egg_info --egg-base ../../build/carrinho_sdf_pkg build --build-base /home/larissa/Gemeo_digital_MJV/build/carrinho_sdf_pkg/build install --record /home/larissa/Gemeo_digital_MJV/build/carrinho_sdf_pkg/install.log --single-version-externally-managed install_data
[3.760s] Level 1:colcon.colcon_core.environment:checking '/home/larissa/Gemeo_digital_MJV/install/carrinho_sdf_pkg' for CMake config files
[3.761s] Level 1:colcon.colcon_core.environment:checking '/home/larissa/Gemeo_digital_MJV/install/carrinho_sdf_pkg/lib'
[3.764s] Level 1:colcon.colcon_core.environment:checking '/home/larissa/Gemeo_digital_MJV/install/carrinho_sdf_pkg/bin'
[3.766s] Level 1:colcon.colcon_core.environment:checking '/home/larissa/Gemeo_digital_MJV/install/carrinho_sdf_pkg/lib/pkgconfig/carrinho_sdf_pkg.pc'
[3.768s] Level 1:colcon.colcon_core.environment:checking '/home/larissa/Gemeo_digital_MJV/install/carrinho_sdf_pkg/lib/python3.10/site-packages'
[3.769s] Level 1:colcon.colcon_core.shell:create_environment_hook('carrinho_sdf_pkg', 'pythonpath')
[3.771s] INFO:colcon.colcon_core.shell:Creating environment hook '/home/larissa/Gemeo_digital_MJV/install/carrinho_sdf_pkg/share/carrinho_sdf_pkg/hook/pythonpath.ps1'
[3.774s] INFO:colcon.colcon_core.shell:Creating environment descriptor '/home/larissa/Gemeo_digital_MJV/install/carrinho_sdf_pkg/share/carrinho_sdf_pkg/hook/pythonpath.dsv'
[3.778s] INFO:colcon.colcon_core.shell:Creating environment hook '/home/larissa/Gemeo_digital_MJV/install/carrinho_sdf_pkg/share/carrinho_sdf_pkg/hook/pythonpath.sh'
[3.787s] Level 1:colcon.colcon_core.environment:checking '/home/larissa/Gemeo_digital_MJV/install/carrinho_sdf_pkg/bin'
[3.788s] Level 1:colcon.colcon_core.environment:create_environment_scripts_only(carrinho_sdf_pkg)
[3.789s] INFO:colcon.colcon_core.shell:Creating package script '/home/larissa/Gemeo_digital_MJV/install/carrinho_sdf_pkg/share/carrinho_sdf_pkg/package.ps1'
[3.794s] INFO:colcon.colcon_core.shell:Creating package descriptor '/home/larissa/Gemeo_digital_MJV/install/carrinho_sdf_pkg/share/carrinho_sdf_pkg/package.dsv'
[3.798s] INFO:colcon.colcon_core.shell:Creating package script '/home/larissa/Gemeo_digital_MJV/install/carrinho_sdf_pkg/share/carrinho_sdf_pkg/package.sh'
[3.801s] INFO:colcon.colcon_core.shell:Creating package script '/home/larissa/Gemeo_digital_MJV/install/carrinho_sdf_pkg/share/carrinho_sdf_pkg/package.bash'
[3.807s] INFO:colcon.colcon_core.shell:Creating package script '/home/larissa/Gemeo_digital_MJV/install/carrinho_sdf_pkg/share/carrinho_sdf_pkg/package.zsh'
[3.812s] Level 1:colcon.colcon_core.environment:create_file_with_runtime_dependencies(/home/larissa/Gemeo_digital_MJV/install/carrinho_sdf_pkg/share/colcon-core/packages/carrinho_sdf_pkg)
[3.815s] DEBUG:colcon.colcon_parallel_executor.executor.parallel:closing loop
[3.819s] DEBUG:colcon.colcon_parallel_executor.executor.parallel:loop closed
[3.820s] DEBUG:colcon.colcon_parallel_executor.executor.parallel:run_until_complete finished with '0'
[3.823s] DEBUG:colcon.colcon_core.event_reactor:joining thread
[3.844s] INFO:colcon.colcon_core.plugin_system:Skipping extension 'colcon_notification.desktop_notification.terminal_notifier': Not used on non-Darwin systems
[3.847s] INFO:colcon.colcon_core.plugin_system:Skipping extension 'colcon_notification.desktop_notification.win32': Not used on non-Windows systems
[3.848s] INFO:colcon.colcon_notification.desktop_notification:Sending desktop notification using 'notify2'
[3.924s] DEBUG:colcon.colcon_core.event_reactor:joined thread
[3.925s] INFO:colcon.colcon_core.shell:Creating prefix script '/home/larissa/Gemeo_digital_MJV/install/local_setup.ps1'
[3.931s] INFO:colcon.colcon_core.shell:Creating prefix util module '/home/larissa/Gemeo_digital_MJV/install/_local_setup_util_ps1.py'
[3.939s] INFO:colcon.colcon_core.shell:Creating prefix chain script '/home/larissa/Gemeo_digital_MJV/install/setup.ps1'
[3.955s] INFO:colcon.colcon_core.shell:Creating prefix script '/home/larissa/Gemeo_digital_MJV/install/local_setup.sh'
[3.958s] INFO:colcon.colcon_core.shell:Creating prefix util module '/home/larissa/Gemeo_digital_MJV/install/_local_setup_util_sh.py'
[3.962s] INFO:colcon.colcon_core.shell:Creating prefix chain script '/home/larissa/Gemeo_digital_MJV/install/setup.sh'
[3.966s] INFO:colcon.colcon_core.shell:Creating prefix script '/home/larissa/Gemeo_digital_MJV/install/local_setup.bash'
[3.969s] INFO:colcon.colcon_core.shell:Creating prefix chain script '/home/larissa/Gemeo_digital_MJV/install/setup.bash'
[3.971s] INFO:colcon.colcon_core.shell:Creating prefix script '/home/larissa/Gemeo_digital_MJV/install/local_setup.zsh'
[3.974s] INFO:colcon.colcon_core.shell:Creating prefix chain script '/home/larissa/Gemeo_digital_MJV/install/setup.zsh'
