running develop
running egg_info
creating carrinho_sdf_pkg.egg-info
writing carrinho_sdf_pkg.egg-info/PKG-INFO
writing dependency_links to carrinho_sdf_pkg.egg-info/dependency_links.txt
writing requirements to carrinho_sdf_pkg.egg-info/requires.txt
writing top-level names to carrinho_sdf_pkg.egg-info/top_level.txt
writing manifest file 'carrinho_sdf_pkg.egg-info/SOURCES.txt'
reading manifest file 'carrinho_sdf_pkg.egg-info/SOURCES.txt'
writing manifest file 'carrinho_sdf_pkg.egg-info/SOURCES.txt'
running build_ext
Creating /home/larissa/ws_gazebo/install/carrinho_sdf_pkg/lib/python3.8/site-packages/site.py
Creating /home/larissa/ws_gazebo/install/carrinho_sdf_pkg/lib/python3.8/site-packages/carrinho-sdf-pkg.egg-link (link to .)

Installed /home/larissa/ws_gazebo/build/carrinho_sdf_pkg
running symlink_data
creating /home/larissa/ws_gazebo/install/carrinho_sdf_pkg/share/ament_index
creating /home/larissa/ws_gazebo/install/carrinho_sdf_pkg/share/ament_index/resource_index
creating /home/larissa/ws_gazebo/install/carrinho_sdf_pkg/share/ament_index/resource_index/packages
symbolically linking /home/larissa/ws_gazebo/build/carrinho_sdf_pkg/resource/carrinho_sdf_pkg -> /home/larissa/ws_gazebo/install/carrinho_sdf_pkg/share/ament_index/resource_index/packages
symbolically linking /home/larissa/ws_gazebo/build/carrinho_sdf_pkg/package.xml -> /home/larissa/ws_gazebo/install/carrinho_sdf_pkg/share/carrinho_sdf_pkg
creating /home/larissa/ws_gazebo/install/carrinho_sdf_pkg/share/carrinho_sdf_pkg/launch
symbolically linking /home/larissa/ws_gazebo/build/carrinho_sdf_pkg/launch/sim.launch.py -> /home/larissa/ws_gazebo/install/carrinho_sdf_pkg/share/carrinho_sdf_pkg/launch
creating /home/larissa/ws_gazebo/install/carrinho_sdf_pkg/share/carrinho_sdf_pkg/worlds
symbolically linking /home/larissa/ws_gazebo/build/carrinho_sdf_pkg/worlds/meu_mundo.world -> /home/larissa/ws_gazebo/install/carrinho_sdf_pkg/share/carrinho_sdf_pkg/worlds
creating /home/larissa/ws_gazebo/install/carrinho_sdf_pkg/share/carrinho_sdf_pkg/models
creating /home/larissa/ws_gazebo/install/carrinho_sdf_pkg/share/carrinho_sdf_pkg/models/carrinho_sdf
symbolically linking /home/larissa/ws_gazebo/build/carrinho_sdf_pkg/models/carrinho_sdf/model.sdf -> /home/larissa/ws_gazebo/install/carrinho_sdf_pkg/share/carrinho_sdf_pkg/models/carrinho_sdf
symbolically linking /home/larissa/ws_gazebo/build/carrinho_sdf_pkg/models/carrinho_sdf/model.config -> /home/larissa/ws_gazebo/install/carrinho_sdf_pkg/share/carrinho_sdf_pkg/models/carrinho_sdf
